<?xml version="1.0" encoding="UTF-8"?>
<!-- Generated by org.testng.reporters.JUnitReportReporter -->
<testsuite hostname="DESKTOP-UTFGPAF" failures="0" tests="5" name="org.example.ShoppingCartMenuTests" time="6.652" errors="0" timestamp="06 Jul 2023 06:39:23 GMT" skipped="0">
  <testcase classname="org.example.ShoppingCartMenuTests" name="incorrectFillingANameFieldThrowErrorMessage" time="1.514"/>
  <testcase classname="org.example.ShoppingCartMenuTests" name="addTwoItemToShoppingCart" time="1.356"/>
  <testcase classname="org.example.ShoppingCartMenuTests" name="removingItemFromShoppingCart" time="0.877"/>
  <testcase classname="org.example.ShoppingCartMenuTests" name="addOneItemToShoppingCart" time="1.093"/>
  <testcase classname="org.example.ShoppingCartMenuTests" name="finalizationOfOrder" time="1.812"/>
</testsuite> <!-- org.example.ShoppingCartMenuTests -->
