<?xml version="1.0" encoding="UTF-8"?>
<!-- Generated by org.testng.reporters.JUnitReportReporter -->
<testsuite hostname="DESKTOP-UTFGPAF" failures="0" tests="4" name="org.example.MyAccountPageTests" time="3.649" errors="0" timestamp="06 Jul 2023 06:39:23 GMT" skipped="0">
  <testcase classname="org.example.MyAccountPageTests" name="isFilteringMenuWorkCorrect" time="0.836"/>
  <testcase classname="org.example.MyAccountPageTests" name="IsSingleProductViewMatchTheMainOne" time="1.250"/>
  <testcase classname="org.example.MyAccountPageTests" name="countOfItemsInInventoryContainer" time="0.679"/>
  <testcase classname="org.example.MyAccountPageTests" name="isFilteringMenuByPriceWorkCorrect" time="0.884"/>
</testsuite> <!-- org.example.MyAccountPageTests -->
