<?xml version="1.0" encoding="UTF-8"?>
<!-- Generated by org.testng.reporters.JUnitReportReporter -->
<testsuite hostname="DESKTOP-UTFGPAF" failures="0" tests="3" name="org.example.HomePageTests" time="1.902" errors="0" timestamp="06 Jul 2023 06:39:23 GMT" skipped="0">
  <testcase classname="org.example.HomePageTests" name="accessMyAccount" time="0.710"/>
  <testcase classname="org.example.HomePageTests" name="logoutFromMyAccountPage" time="0.633"/>
  <testcase classname="org.example.HomePageTests" name="accessMyAccountWithIncorrectPassword" time="0.559"/>
</testsuite> <!-- org.example.HomePageTests -->
